This file contains any messages produced by compilers while
running configure, to aid debugging if configure makes a mistake.

It was created by charm-bypass configure 0.0.1, which was
generated by GNU Autoconf 2.72.  Invocation command line was

  $ ./configure

## --------- ##
## Platform. ##
## --------- ##

hostname = DESKTOP-3F7O9E6
uname -m = x86_64
uname -r = 3.5.3-1.x86_64
uname -s = CYGWIN_NT-10.0-19045
uname -v = 2024-04-03 17:25 UTC

/usr/bin/uname -p = unknown
/bin/uname -X     = unknown

/bin/arch              = x86_64
/usr/bin/arch -k       = unknown
/usr/convex/getsysinfo = unknown
/usr/bin/hostinfo      = unknown
/bin/machine           = unknown
/usr/bin/oslevel       = unknown
/bin/universe          = unknown

PATH: /usr/local/bin/
PATH: /usr/bin/
PATH: /cygdrive/c/WINDOWS/system32/
PATH: /cygdrive/c/WINDOWS/
PATH: /cygdrive/c/WINDOWS/System32/Wbem/
PATH: /cygdrive/c/WINDOWS/System32/WindowsPowerShell/v1.0/
PATH: /cygdrive/c/WINDOWS/System32/OpenSSH/
PATH: /cygdrive/c/Program Files/NVIDIA Corporation/NVIDIA NvDLISR/
PATH: /cygdrive/c/Program Files/dotnet/
PATH: /cygdrive/c/Program Files/Git/cmd/
PATH: /cygdrive/c/WINDOWS/system32/
PATH: /cygdrive/c/WINDOWS/
PATH: /cygdrive/c/WINDOWS/System32/Wbem/
PATH: /cygdrive/c/WINDOWS/System32/WindowsPowerShell/v1.0/
PATH: /cygdrive/c/WINDOWS/System32/OpenSSH/
PATH: /cygdrive/c/Program Files/NVIDIA Corporation/NVIDIA NvDLISR/
PATH: /cygdrive/c/Program Files/dotnet/
PATH: /cygdrive/c/Program Files/Git/cmd/
PATH: /cygdrive/c/Users/retar/AppData/Local/Programs/Python/Launcher/
PATH: /cygdrive/c/Users/retar/AppData/Local/Microsoft/WindowsApps/
PATH: /cygdrive/c/Users/retar/AppData/Local/GitHubDesktop/bin/
PATH: /cygdrive/c/Users/retar/AppData/Local/Programs/Microsoft VS Code/bin/
PATH: /cygdrive/c/Python34/Scripts/
PATH: /cygdrive/c/Users/retar/AppData/Local/Programs/Python/Python312/Scripts/


## ----------- ##
## Core tests. ##
## ----------- ##

configure:1707: looking for aux files: missing install-sh
configure:1720:  trying ./build-aux/
configure:1749:   ./build-aux/missing found
configure:1731:   ./build-aux/install-sh found
configure:1880: checking for a BSD-compatible install
configure:1954: result: /usr/bin/install -c
configure:1965: checking whether build environment is sane
configure:2020: result: yes
configure:2181: checking for a race-free mkdir -p
configure:2224: result: /usr/bin/mkdir -p
configure:2231: checking for gawk
configure:2252: found /usr/bin/gawk
configure:2264: result: gawk
configure:2275: checking whether make sets $(MAKE)
configure:2299: result: yes
configure:2329: checking whether make supports nested variables
configure:2348: result: yes
configure:2433: checking whether UID '197609' is supported by ustar format
configure:2436: result: yes
configure:2443: checking whether GID '197609' is supported by ustar format
configure:2446: result: yes
configure:2454: checking how to create a ustar tar archive
configure:2465: tar --version
tar (GNU tar) 1.35
Packaged by Cygwin (1.35-2)
Copyright (C) 2023 Free Software Foundation, Inc.
License GPLv3+: GNU GPL version 3 or later <https://gnu.org/licenses/gpl.html>.
This is free software: you are free to change and redistribute it.
There is NO WARRANTY, to the extent permitted by law.

Written by John Gilmore and Jay Fenlason.
configure:2468: $? = 0
configure:2508: tardir=conftest.dir && eval tar --format=ustar -chf - "$tardir" >conftest.tar
configure:2511: $? = 0
configure:2515: tar -xf - <conftest.tar
configure:2518: $? = 0
configure:2520: cat conftest.dir/file
GrepMe
configure:2523: $? = 0
configure:2538: result: gnutar
configure:2608: checking for base64
configure:2631: found /usr/bin/base64
configure:2644: result: /usr/bin/base64
configure:2660: checking for fontforge
configure:2683: found /usr/bin/fontforge
configure:2696: result: /usr/bin/fontforge
configure:2712: checking for scour
configure:2735: found /cygdrive/c/Users/retar/AppData/Local/Programs/Python/Python312/Scripts/scour
configure:2748: result: /cygdrive/c/Users/retar/AppData/Local/Programs/Python/Python312/Scripts/scour
configure:2764: checking for xsltproc
configure:2787: found /usr/bin/xsltproc
configure:2800: result: /usr/bin/xsltproc
configure:2949: checking that generated files are newer than configure
configure:2955: result: done
configure:2963: creating ./config.status

## ---------------------- ##
## Running config.status. ##
## ---------------------- ##

This file was extended by charm-bypass config.status 0.0.1, which was
generated by GNU Autoconf 2.72.  Invocation command line was

  CONFIG_FILES    = 
  CONFIG_HEADERS  = 
  CONFIG_LINKS    = 
  CONFIG_COMMANDS = 
  $ ./config.status 

on DESKTOP-3F7O9E6

config.status:746: creating Makefile

## ---------------- ##
## Cache variables. ##
## ---------------- ##

ac_cv_env_build_alias_set=
ac_cv_env_build_alias_value=
ac_cv_env_host_alias_set=
ac_cv_env_host_alias_value=
ac_cv_env_target_alias_set=
ac_cv_env_target_alias_value=
ac_cv_path_BASE64=/usr/bin/base64
ac_cv_path_FONTFORGE=/usr/bin/fontforge
ac_cv_path_SCOUR=/cygdrive/c/Users/retar/AppData/Local/Programs/Python/Python312/Scripts/scour
ac_cv_path_XSLTPROC=/usr/bin/xsltproc
ac_cv_path_install='/usr/bin/install -c'
ac_cv_path_mkdir=/usr/bin/mkdir
ac_cv_prog_AWK=gawk
ac_cv_prog_make_make_set=yes
am_cv_make_support_nested_variables=yes
am_cv_prog_tar_ustar=gnutar

## ----------------- ##
## Output variables. ##
## ----------------- ##

ACLOCAL='${SHELL} '\''/cygdrive/c/Users/retar/Downloads/charm-bypass-259d30c.tar/charm-bypass-259d30c/build-aux/missing'\'' aclocal-1.16'
AMTAR='$${TAR-tar}'
AM_BACKSLASH='\'
AM_DEFAULT_V='$(AM_DEFAULT_VERBOSITY)'
AM_DEFAULT_VERBOSITY='1'
AM_V='$(V)'
AUTOCONF='${SHELL} '\''/cygdrive/c/Users/retar/Downloads/charm-bypass-259d30c.tar/charm-bypass-259d30c/build-aux/missing'\'' autoconf'
AUTOHEADER='${SHELL} '\''/cygdrive/c/Users/retar/Downloads/charm-bypass-259d30c.tar/charm-bypass-259d30c/build-aux/missing'\'' autoheader'
AUTOMAKE='${SHELL} '\''/cygdrive/c/Users/retar/Downloads/charm-bypass-259d30c.tar/charm-bypass-259d30c/build-aux/missing'\'' automake-1.16'
AWK='gawk'
BASE64='/usr/bin/base64'
CSCOPE='cscope'
CTAGS='ctags'
CYGPATH_W='cygpath -w'
DEFS='-DPACKAGE_NAME=\"charm-bypass\" -DPACKAGE_TARNAME=\"charm-bypass\" -DPACKAGE_VERSION=\"0.0.1\" -DPACKAGE_STRING=\"charm-bypass\ 0.0.1\" -DPACKAGE_BUGREPORT=\"michael@orlitzky.com\" -DPACKAGE_URL=\"\" -DPACKAGE=\"charm-bypass\" -DVERSION=\"0.0.1\"'
ECHO_C=''
ECHO_N='-n'
ECHO_T=''
ETAGS='etags'
FONTFORGE='/usr/bin/fontforge'
INSTALL_DATA='${INSTALL} -m 644'
INSTALL_PROGRAM='${INSTALL}'
INSTALL_SCRIPT='${INSTALL}'
INSTALL_STRIP_PROGRAM='$(install_sh) -c -s'
LIBOBJS=''
LIBS=''
LTLIBOBJS=''
MAKEINFO='${SHELL} '\''/cygdrive/c/Users/retar/Downloads/charm-bypass-259d30c.tar/charm-bypass-259d30c/build-aux/missing'\'' makeinfo'
MKDIR_P='/usr/bin/mkdir -p'
PACKAGE='charm-bypass'
PACKAGE_BUGREPORT='michael@orlitzky.com'
PACKAGE_NAME='charm-bypass'
PACKAGE_STRING='charm-bypass 0.0.1'
PACKAGE_TARNAME='charm-bypass'
PACKAGE_URL=''
PACKAGE_VERSION='0.0.1'
PATH_SEPARATOR=':'
SCOUR='/cygdrive/c/Users/retar/AppData/Local/Programs/Python/Python312/Scripts/scour'
SET_MAKE=''
SHELL='/bin/sh'
STRIP=''
VERSION='0.0.1'
XSLTPROC='/usr/bin/xsltproc'
am__isrc=''
am__leading_dot='.'
am__tar='tar --format=ustar -chf - "$$tardir"'
am__untar='tar -xf -'
bindir='${exec_prefix}/bin'
build_alias=''
datadir='${datarootdir}'
datarootdir='${prefix}/share'
docdir='${datarootdir}/doc/${PACKAGE_TARNAME}'
dvidir='${docdir}'
exec_prefix='${prefix}'
host_alias=''
htmldir='${docdir}'
includedir='${prefix}/include'
infodir='${datarootdir}/info'
install_sh='${SHELL} /cygdrive/c/Users/retar/Downloads/charm-bypass-259d30c.tar/charm-bypass-259d30c/build-aux/install-sh'
libdir='${exec_prefix}/lib'
libexecdir='${exec_prefix}/libexec'
localedir='${datarootdir}/locale'
localstatedir='${prefix}/var'
mandir='${datarootdir}/man'
mkdir_p='$(MKDIR_P)'
oldincludedir='/usr/include'
pdfdir='${docdir}'
prefix='/usr/local'
program_transform_name='s,x,x,'
psdir='${docdir}'
runstatedir='${localstatedir}/run'
sbindir='${exec_prefix}/sbin'
sharedstatedir='${prefix}/com'
sysconfdir='${prefix}/etc'
target_alias=''

## ----------- ##
## confdefs.h. ##
## ----------- ##

/* confdefs.h */
#define PACKAGE_NAME "charm-bypass"
#define PACKAGE_TARNAME "charm-bypass"
#define PACKAGE_VERSION "0.0.1"
#define PACKAGE_STRING "charm-bypass 0.0.1"
#define PACKAGE_BUGREPORT "michael@orlitzky.com"
#define PACKAGE_URL ""
#define PACKAGE "charm-bypass"
#define VERSION "0.0.1"

configure: exit 0
